#
# A fatal error has been detected by the Java Runtime Environment:
#
#  EXCEPTION_ACCESS_VIOLATION (0xc0000005) at pc=0x000000005f95c687, pid=1028, tid=0x0000000000000c70
#
# JRE version: OpenJDK Runtime Environment (8.0_152-b06) (build 1.8.0_152-release-1136-b06)
# Java VM: OpenJDK 64-Bit Server VM (25.152-b06 mixed mode windows-amd64 compressed oops)
# Problematic frame:
# V  [jvm.dll+0x41c687]
#
# Failed to write core dump. Minidumps are not enabled by default on client versions of Windows
#
# If you would like to submit a bug report, please visit:
#   http://bugreport.java.com/bugreport/crash.jsp
#

---------------  T H R E A D  ---------------

Current thread (0x00000000575f3800):  JavaThread "C2 CompilerThread1" daemon [_thread_in_native, id=3184, stack(0x0000000057f30000,0x0000000058030000)]

siginfo: ExceptionCode=0xc0000005, reading address 0x000000025d55e300

Registers:
RAX=0x000000005b87b7d8, RBX=0x000000005802bb20, RCX=0x000000025d55e2f0, RDX=0x0000000000000200
RSP=0x000000005802bad0, RBP=0x0000000000000000, RSI=0x00000000575ff8a0, RDI=0x000000005b87b768
R8 =0x000000005802c840, R9 =0x0000000000004000, R10=0x00000000000007ff, R11=0x00000000603f9cc0
R12=0x0000000000000000, R13=0x000000005cfdb578, R14=0x000000005802c840, R15=0x0000000000000031
RIP=0x000000005f95c687, EFLAGS=0x0000000000010216

Top of Stack: (sp=0x000000005802bad0)
0x000000005802bad0:   000000005802c840 000000005f95c69a
0x000000005802bae0:   000000005cfdeeb8 000000005fa03054
0x000000005802baf0:   000000005b87b7a8 000000005f9f9953
0x000000005802bb00:   000000005b87b838 000000005cfdb990
0x000000005802bb10:   000000005b87b838 0000000000000000
0x000000005802bb20:   0000000000000000 0000000000000008
0x000000005802bb30:   000000005cfdb990 000000005cfdc140
0x000000005802bb40:   000000005b4c6ee8 000000005b87b838
0x000000005802bb50:   0000000000000001 000000005b87b838
0x000000005802bb60:   000000005802c840 0000000000000000
0x000000005802bb70:   000000005cfdb990 000000005f9fc2a5
0x000000005802bb80:   000000005cfdb990 00000000575ff8a0
0x000000005802bb90:   00000000575ff801 0000000000000060
0x000000005802bba0:   000000000000009e 0000000000000000
0x000000005802bbb0:   000000005cfdb990 0000000000000003
0x000000005802bbc0:   000000005802c840 000000005fa1c003 

Instructions: (pc=0x000000005f95c687)
0x000000005f95c667:   00 00 66 23 c2 ba 00 02 00 00 66 3b c2 75 56 48
0x000000005f95c677:   8b 41 08 48 8b 48 08 48 8b 78 10 48 3b cf 74 07
0x000000005f95c687:   48 83 79 10 00 75 3e 48 8b 50 18 49 8b c8 e8 86
0x000000005f95c697:   cb 0b 00 4c 8b d8 48 85 c0 74 0a 48 8b 40 18 49 


Register to memory mapping:

RAX=0x000000005b87b7d8 is an unknown value
RBX=0x000000005802bb20 is pointing into the stack for thread: 0x00000000575f3800
RCX=0x000000025d55e2f0 is an unknown value
RDX=0x0000000000000200 is an unknown value
RSP=0x000000005802bad0 is pointing into the stack for thread: 0x00000000575f3800
RBP=0x0000000000000000 is an unknown value
RSI=0x00000000575ff8a0 is an unknown value
RDI=0x000000005b87b768 is an unknown value
R8 =0x000000005802c840 is pointing into the stack for thread: 0x00000000575f3800
R9 =0x0000000000004000 is an unknown value
R10=0x00000000000007ff is an unknown value
R11=0x00000000603f9cc0 is an unknown value
R12=0x0000000000000000 is an unknown value
R13=0x000000005cfdb578 is an unknown value
R14=0x000000005802c840 is pointing into the stack for thread: 0x00000000575f3800
R15=0x0000000000000031 is an unknown value


Stack: [0x0000000057f30000,0x0000000058030000],  sp=0x000000005802bad0,  free space=1006k
Native frames: (J=compiled Java code, j=interpreted, Vv=VM code, C=native code)


Current CompileTask:
C2:3033742 27340       4       com.esotericsoftware.kryo.io.Input::<init> (25 bytes)


---------------  P R O C E S S  ---------------

Java Threads: ( => current thread )
  0x000000005ced2800 JavaThread "Cache worker for Artifact transforms cache (C:\Users\Administrator\.gradle\caches\transforms-1)" [_thread_blocked, id=1452, stack(0x000000005ef20000,0x000000005f020000)]
  0x000000005ced1800 JavaThread "Cache worker for file hash cache (D:\studio_workPlace\cashRegister\.gradle\4.6\fileHashes)" [_thread_blocked, id=3436, stack(0x000000005c020000,0x000000005c120000)]
  0x000000005ced1000 JavaThread "Stdin handler" [_thread_blocked, id=4784, stack(0x000000005eb10000,0x000000005ec10000)]
  0x000000005cecd000 JavaThread "Asynchronous log dispatcher for DefaultDaemonConnection: socket connection from /127.0.0.1:49524 to /127.0.0.1:50460" [_thread_blocked, id=4604, stack(0x000000005aac0000,0x000000005abc0000)]
  0x000000005cec5800 JavaThread "Daemon worker Thread 9" [_thread_in_vm, id=4752, stack(0x0000000058b50000,0x0000000058c50000)]
  0x000000005cecb000 JavaThread "Cancel handler" [_thread_blocked, id=1352, stack(0x000000005a900000,0x000000005aa00000)]
  0x000000005cecf800 JavaThread "Handler for socket connection from /127.0.0.1:49524 to /127.0.0.1:50460" [_thread_in_native, id=1356, stack(0x000000005a730000,0x000000005a830000)]
  0x000000005ced3000 JavaThread "Daemon Thread 9" [_thread_blocked, id=4544, stack(0x000000005a2a0000,0x000000005a3a0000)]
  0x000000005ceca000 JavaThread "Memory manager" [_thread_blocked, id=3204, stack(0x0000000062630000,0x0000000062730000)]
  0x0000000059638000 JavaThread "File lock request listener" [_thread_in_native, id=3084, stack(0x0000000057e30000,0x0000000057f30000)]
  0x00000000598f4000 JavaThread "Cache worker for file hash cache (C:\Users\Administrator\.gradle\caches\4.6\fileHashes)" [_thread_blocked, id=1952, stack(0x000000005af10000,0x000000005b010000)]
  0x0000000059574800 JavaThread "Daemon periodic checks" [_thread_blocked, id=3928, stack(0x000000005a170000,0x000000005a270000)]
  0x0000000059388800 JavaThread "Incoming local TCP Connector on port 49524" [_thread_in_native, id=3040, stack(0x00000000573d0000,0x00000000574d0000)]
  0x0000000057671800 JavaThread "Service Thread" daemon [_thread_blocked, id=3056, stack(0x0000000058040000,0x0000000058140000)]
  0x00000000575f4800 JavaThread "C1 CompilerThread2" daemon [_thread_blocked, id=1608, stack(0x0000000057c20000,0x0000000057d20000)]
=>0x00000000575f3800 JavaThread "C2 CompilerThread1" daemon [_thread_in_native, id=3184, stack(0x0000000057f30000,0x0000000058030000)]
  0x00000000575db800 JavaThread "C2 CompilerThread0" daemon [_thread_blocked, id=3696, stack(0x00000000579e0000,0x0000000057ae0000)]
  0x00000000575da800 JavaThread "Attach Listener" daemon [_thread_blocked, id=972, stack(0x0000000057d20000,0x0000000057e20000)]
  0x000000005636c000 JavaThread "Signal Dispatcher" daemon [_thread_blocked, id=2864, stack(0x0000000057af0000,0x0000000057bf0000)]
  0x0000000056358000 JavaThread "Finalizer" daemon [_thread_blocked, id=600, stack(0x00000000574d0000,0x00000000575d0000)]
  0x0000000056311000 JavaThread "Reference Handler" daemon [_thread_blocked, id=1592, stack(0x0000000057180000,0x0000000057280000)]
  0x000000000237e800 JavaThread "main" [_thread_blocked, id=2884, stack(0x0000000002610000,0x0000000002710000)]

Other Threads:
  0x0000000056309000 VMThread [stack: 0x00000000572a0000,0x00000000573a0000] [id=2636]
  0x0000000057672800 WatcherThread [stack: 0x0000000058200000,0x0000000058300000] [id=2140]

VM state:not at safepoint (normal execution)

VM Mutex/Monitor currently owned by a thread: None

Heap:
 PSYoungGen      total 410112K, used 97914K [0x00000000e0000000, 0x00000000fff00000, 0x0000000100000000)
  eden space 295936K, 28% used [0x00000000e0000000,0x00000000e53672e8,0x00000000f2100000)
  from space 114176K, 10% used [0x00000000f2100000,0x00000000f2d377a0,0x00000000f9080000)
  to   space 113152K, 0% used [0x00000000f9080000,0x00000000f9080000,0x00000000fff00000)
 ParOldGen       total 366592K, used 217095K [0x00000000a0000000, 0x00000000b6600000, 0x00000000e0000000)
  object space 366592K, 59% used [0x00000000a0000000,0x00000000ad401c00,0x00000000b6600000)
 Metaspace       used 79316K, capacity 84288K, committed 86144K, reserved 1124352K
  class space    used 9776K, capacity 10791K, committed 11136K, reserved 1048576K

Card table byte_map: [0x0000000011ad0000,0x0000000011de0000] byte_map_base: 0x00000000115d0000

Marking Bits: (ParMarkBitMap*) 0x000000005fd05aa0
 Begin Bits: [0x0000000012680000, 0x0000000013e80000)
 End Bits:   [0x0000000013e80000, 0x0000000015680000)

Polling page: 0x0000000001b60000

CodeCache: size=245760Kb used=69650Kb max_used=69809Kb free=176109Kb
 bounds [0x0000000002710000, 0x0000000006bc0000, 0x0000000011710000]
 total_blobs=19538 nmethods=18695 adapters=754
 compilation: enabled

Compilation events (10 events):
Event: 3033.337 Thread 0x00000000575f4800 nmethod 27335 0x0000000003280d90 code [0x0000000003280f20, 0x0000000003281378]
Event: 3033.347 Thread 0x00000000575f4800 27336       3       com.google.common.reflect.TypeResolver$TypeVariableKey::equalsTypeVariable (48 bytes)
Event: 3033.347 Thread 0x00000000575f4800 nmethod 27336 0x0000000005b50390 code [0x0000000005b50560, 0x0000000005b50bb8]
Event: 3033.348 Thread 0x00000000575f4800 27337       3       org.gradle.model.internal.registry.DefaultModelRegistry::getRoot (8 bytes)
Event: 3033.349 Thread 0x00000000575f4800 nmethod 27337 0x0000000002e9ae50 code [0x0000000002e9afa0, 0x0000000002e9b130]
Event: 3033.349 Thread 0x00000000575db800 27338       4       java.lang.reflect.Proxy$Key1::equals (47 bytes)
Event: 3033.350 Thread 0x00000000575db800 nmethod 27338 0x0000000003657f50 code [0x00000000036580a0, 0x0000000003658198]
Event: 3033.352 Thread 0x00000000575f4800 27339       1       org.gradle.internal.reflect.ReflectionCache$CacheEntry::access$202 (7 bytes)
Event: 3033.353 Thread 0x00000000575f4800 nmethod 27339 0x00000000030d7e50 code [0x00000000030d7fa0, 0x00000000030d80b0]
Event: 3033.367 Thread 0x00000000575f3800 27340       4       com.esotericsoftware.kryo.io.Input::<init> (25 bytes)

GC Heap History (10 events):
Event: 2454.785 GC heap before
{Heap before GC invocations=49 (full 8):
 PSYoungGen      total 397312K, used 40930K [0x00000000e0000000, 0x00000000ffa00000, 0x0000000100000000)
  eden space 276480K, 0% used [0x00000000e0000000,0x00000000e0000000,0x00000000f0e00000)
  from space 120832K, 33% used [0x00000000f0e00000,0x00000000f35f8a10,0x00000000f8400000)
  to   space 114176K, 0% used [0x00000000f8a80000,0x00000000f8a80000,0x00000000ffa00000)
 ParOldGen       total 437760K, used 420457K [0x00000000a0000000, 0x00000000bab80000, 0x00000000e0000000)
  object space 437760K, 96% used [0x00000000a0000000,0x00000000b9a9a430,0x00000000bab80000)
 Metaspace       used 80845K, capacity 85876K, committed 86144K, reserved 1124352K
  class space    used 9955K, capacity 11015K, committed 11136K, reserved 1048576K
Event: 2454.964 GC heap after
Heap after GC invocations=49 (full 8):
 PSYoungGen      total 397312K, used 0K [0x00000000e0000000, 0x00000000ffa00000, 0x0000000100000000)
  eden space 276480K, 0% used [0x00000000e0000000,0x00000000e0000000,0x00000000f0e00000)
  from space 120832K, 0% used [0x00000000f0e00000,0x00000000f0e00000,0x00000000f8400000)
  to   space 114176K, 0% used [0x00000000f8a80000,0x00000000f8a80000,0x00000000ffa00000)
 ParOldGen       total 366592K, used 96729K [0x00000000a0000000, 0x00000000b6600000, 0x00000000e0000000)
  object space 366592K, 26% used [0x00000000a0000000,0x00000000a5e76538,0x00000000b6600000)
 Metaspace       used 78287K, capacity 83140K, committed 86144K, reserved 1124352K
  class space    used 9687K, capacity 10685K, committed 11136K, reserved 1048576K
}
Event: 2709.804 GC heap before
{Heap before GC invocations=50 (full 8):
 PSYoungGen      total 397312K, used 276480K [0x00000000e0000000, 0x00000000ffa00000, 0x0000000100000000)
  eden space 276480K, 100% used [0x00000000e0000000,0x00000000f0e00000,0x00000000f0e00000)
  from space 120832K, 0% used [0x00000000f0e00000,0x00000000f0e00000,0x00000000f8400000)
  to   space 114176K, 0% used [0x00000000f8a80000,0x00000000f8a80000,0x00000000ffa00000)
 ParOldGen       total 366592K, used 96729K [0x00000000a0000000, 0x00000000b6600000, 0x00000000e0000000)
  object space 366592K, 26% used [0x00000000a0000000,0x00000000a5e76538,0x00000000b6600000)
 Metaspace       used 78342K, capacity 83272K, committed 86144K, reserved 1124352K
  class space    used 9687K, capacity 10685K, committed 11136K, reserved 1048576K
Event: 2709.811 GC heap after
Heap after GC invocations=50 (full 8):
 PSYoungGen      total 401920K, used 7396K [0x00000000e0000000, 0x00000000ff880000, 0x0000000100000000)
  eden space 289280K, 0% used [0x00000000e0000000,0x00000000e0000000,0x00000000f1a80000)
  from space 112640K, 6% used [0x00000000f8a80000,0x00000000f91b9228,0x00000000ff880000)
  to   space 113664K, 0% used [0x00000000f1a80000,0x00000000f1a80000,0x00000000f8980000)
 ParOldGen       total 366592K, used 96737K [0x00000000a0000000, 0x00000000b6600000, 0x00000000e0000000)
  object space 366592K, 26% used [0x00000000a0000000,0x00000000a5e78538,0x00000000b6600000)
 Metaspace       used 78342K, capacity 83272K, committed 86144K, reserved 1124352K
  class space    used 9687K, capacity 10685K, committed 11136K, reserved 1048576K
}
Event: 2712.622 GC heap before
{Heap before GC invocations=51 (full 8):
 PSYoungGen      total 401920K, used 296676K [0x00000000e0000000, 0x00000000ff880000, 0x0000000100000000)
  eden space 289280K, 100% used [0x00000000e0000000,0x00000000f1a80000,0x00000000f1a80000)
  from space 112640K, 6% used [0x00000000f8a80000,0x00000000f91b9228,0x00000000ff880000)
  to   space 113664K, 0% used [0x00000000f1a80000,0x00000000f1a80000,0x00000000f8980000)
 ParOldGen       total 366592K, used 96737K [0x00000000a0000000, 0x00000000b6600000, 0x00000000e0000000)
  object space 366592K, 26% used [0x00000000a0000000,0x00000000a5e78538,0x00000000b6600000)
 Metaspace       used 79092K, capacity 84128K, committed 86144K, reserved 1124352K
  class space    used 9757K, capacity 10759K, committed 11136K, reserved 1048576K
Event: 2712.667 GC heap after
Heap after GC invocations=51 (full 8):
 PSYoungGen      total 402944K, used 59328K [0x00000000e0000000, 0x0000000100000000, 0x0000000100000000)
  eden space 289280K, 0% used [0x00000000e0000000,0x00000000e0000000,0x00000000f1a80000)
  from space 113664K, 52% used [0x00000000f1a80000,0x00000000f5470100,0x00000000f8980000)
  to   space 113152K, 0% used [0x00000000f9180000,0x00000000f9180000,0x0000000100000000)
 ParOldGen       total 366592K, used 102425K [0x00000000a0000000, 0x00000000b6600000, 0x00000000e0000000)
  object space 366592K, 27% used [0x00000000a0000000,0x00000000a6406668,0x00000000b6600000)
 Metaspace       used 79092K, capacity 84128K, committed 86144K, reserved 1124352K
  class space    used 9757K, capacity 10759K, committed 11136K, reserved 1048576K
}
Event: 2715.017 GC heap before
{Heap before GC invocations=52 (full 8):
 PSYoungGen      total 402944K, used 348608K [0x00000000e0000000, 0x0000000100000000, 0x0000000100000000)
  eden space 289280K, 100% used [0x00000000e0000000,0x00000000f1a80000,0x00000000f1a80000)
  from space 113664K, 52% used [0x00000000f1a80000,0x00000000f5470100,0x00000000f8980000)
  to   space 113152K, 0% used [0x00000000f9180000,0x00000000f9180000,0x0000000100000000)
 ParOldGen       total 366592K, used 102425K [0x00000000a0000000, 0x00000000b6600000, 0x00000000e0000000)
  object space 366592K, 27% used [0x00000000a0000000,0x00000000a6406668,0x00000000b6600000)
 Metaspace       used 79237K, capacity 84288K, committed 86144K, reserved 1124352K
  class space    used 9776K, capacity 10791K, committed 11136K, reserved 1048576K
Event: 2715.084 GC heap after
Heap after GC invocations=52 (full 8):
 PSYoungGen      total 409088K, used 65234K [0x00000000e0000000, 0x0000000100000000, 0x0000000100000000)
  eden space 295936K, 0% used [0x00000000e0000000,0x00000000e0000000,0x00000000f2100000)
  from space 113152K, 57% used [0x00000000f9180000,0x00000000fd1348d8,0x0000000100000000)
  to   space 114176K, 0% used [0x00000000f2100000,0x00000000f2100000,0x00000000f9080000)
 ParOldGen       total 366592K, used 152455K [0x00000000a0000000, 0x00000000b6600000, 0x00000000e0000000)
  object space 366592K, 41% used [0x00000000a0000000,0x00000000a94e1d68,0x00000000b6600000)
 Metaspace       used 79237K, capacity 84288K, committed 86144K, reserved 1124352K
  class space    used 9776K, capacity 10791K, committed 11136K, reserved 1048576K
}
Event: 2716.634 GC heap before
{Heap before GC invocations=53 (full 8):
 PSYoungGen      total 409088K, used 354465K [0x00000000e0000000, 0x0000000100000000, 0x0000000100000000)
  eden space 295936K, 97% used [0x00000000e0000000,0x00000000f1a73cd0,0x00000000f2100000)
  from space 113152K, 57% used [0x00000000f9180000,0x00000000fd1348d8,0x0000000100000000)
  to   space 114176K, 0% used [0x00000000f2100000,0x00000000f2100000,0x00000000f9080000)
 ParOldGen       total 366592K, used 152455K [0x00000000a0000000, 0x00000000b6600000, 0x00000000e0000000)
  object space 366592K, 41% used [0x00000000a0000000,0x00000000a94e1d68,0x00000000b6600000)
 Metaspace       used 79290K, capacity 84288K, committed 86144K, reserved 1124352K
  class space    used 9776K, capacity 10791K, committed 11136K, reserved 1048576K
Event: 2716.674 GC heap after
Heap after GC invocations=53 (full 8):
 PSYoungGen      total 410112K, used 12509K [0x00000000e0000000, 0x00000000fff00000, 0x0000000100000000)
  eden space 295936K, 0% used [0x00000000e0000000,0x00000000e0000000,0x00000000f2100000)
  from space 114176K, 10% used [0x00000000f2100000,0x00000000f2d377a0,0x00000000f9080000)
  to   space 113152K, 0% used [0x00000000f9080000,0x00000000f9080000,0x00000000fff00000)
 ParOldGen       total 366592K, used 217095K [0x00000000a0000000, 0x00000000b6600000, 0x00000000e0000000)
  object space 366592K, 59% used [0x00000000a0000000,0x00000000ad401c00,0x00000000b6600000)
 Metaspace       used 79290K, capacity 84288K, committed 86144K, reserved 1124352K
  class space    used 9776K, capacity 10791K, committed 11136K, reserved 1048576K
}

Deoptimization events (10 events):
Event: 2454.468 Thread 0x00000000595a9000 Uncommon trap: reason=class_check action=maybe_recompile pc=0x000000000632d570 method=com.android.dx.ssa.SsaMethod.isRegALocal(Lcom/android/dx/rop/code/RegisterSpec;)Z @ 16
Event: 2454.468 Thread 0x00000000595a9000 Uncommon trap: reason=unstable_if action=reinterpret pc=0x00000000064e1480 method=com.android.dx.ssa.SCCP.simulateStmt(Lcom/android/dx/ssa/SsaInsn;)V @ 418
Event: 2454.468 Thread 0x00000000595a9000 Uncommon trap: reason=class_check action=maybe_recompile pc=0x000000000632d570 method=com.android.dx.ssa.SsaMethod.isRegALocal(Lcom/android/dx/rop/code/RegisterSpec;)Z @ 16
Event: 2454.468 Thread 0x00000000595a9000 Uncommon trap: reason=class_check action=maybe_recompile pc=0x000000000632d570 method=com.android.dx.ssa.SsaMethod.isRegALocal(Lcom/android/dx/rop/code/RegisterSpec;)Z @ 16
Event: 2454.468 Thread 0x00000000595a9000 Uncommon trap: reason=class_check action=maybe_recompile pc=0x000000000632d570 method=com.android.dx.ssa.SsaMethod.isRegALocal(Lcom/android/dx/rop/code/RegisterSpec;)Z @ 16
Event: 2454.469 Thread 0x00000000595a9000 Uncommon trap: reason=unstable_if action=reinterpret pc=0x000000000698d6c0 method=com.android.dx.ssa.SsaRenamer$BlockRenamer.addMapping(ILcom/android/dx/rop/code/RegisterSpec;)V @ 120
Event: 2709.787 Thread 0x000000005cecf800 Uncommon trap: reason=null_check action=make_not_entrant pc=0x0000000006ac4ab8 method=org.apache.tools.ant.PropertyHelper.add(Lorg/apache/tools/ant/PropertyHelper$Delegate;)V @ 46
Event: 2710.328 Thread 0x000000005cecd000 Uncommon trap: reason=unstable_if action=reinterpret pc=0x00000000031c265c method=com.esotericsoftware.kryo.io.Output.writeLong(JZ)I @ 55
Event: 2712.557 Thread 0x000000005ba1a000 Uncommon trap: reason=speculate_class_check action=maybe_recompile pc=0x0000000006a71e58 method=sun.reflect.annotation.AnnotationInvocationHandler.memberValueHashCode(Ljava/lang/Object;)I @ 54
Event: 2712.557 Thread 0x000000005ba1a000 Uncommon trap: reason=speculate_class_check action=maybe_recompile pc=0x0000000006a71e58 method=sun.reflect.annotation.AnnotationInvocationHandler.memberValueHashCode(Ljava/lang/Object;)I @ 54

Classes redefined (0 events):
No events

Internal exceptions (10 events):
Event: 2709.751 Thread 0x000000005cecf800 Exception <a 'sun/nio/fs/WindowsException'> (0x00000000f05c2630) thrown at [D:\src\AOSP-openjdk-cygwin\jdk8u\hotspot\src\share\vm\prims\jni.cpp, line 709]
Event: 2709.751 Thread 0x000000005cecf800 Exception <a 'sun/nio/fs/WindowsException'> (0x00000000f05c3208) thrown at [D:\src\AOSP-openjdk-cygwin\jdk8u\hotspot\src\share\vm\prims\jni.cpp, line 709]
Event: 2709.752 Thread 0x000000005cecf800 Exception <a 'sun/nio/fs/WindowsException'> (0x00000000f05cb858) thrown at [D:\src\AOSP-openjdk-cygwin\jdk8u\hotspot\src\share\vm\prims\jni.cpp, line 709]
Event: 2709.752 Thread 0x000000005cecf800 Exception <a 'sun/nio/fs/WindowsException'> (0x00000000f05cc3e0) thrown at [D:\src\AOSP-openjdk-cygwin\jdk8u\hotspot\src\share\vm\prims\jni.cpp, line 709]
Event: 2709.752 Thread 0x000000005cecf800 Exception <a 'sun/nio/fs/WindowsException'> (0x00000000f05cdfa8) thrown at [D:\src\AOSP-openjdk-cygwin\jdk8u\hotspot\src\share\vm\prims\jni.cpp, line 709]
Event: 2709.752 Thread 0x000000005cecf800 Exception <a 'sun/nio/fs/WindowsException'> (0x00000000f05ceb68) thrown at [D:\src\AOSP-openjdk-cygwin\jdk8u\hotspot\src\share\vm\prims\jni.cpp, line 709]
Event: 2709.786 Thread 0x000000005cecf800 Implicit null exception at 0x0000000006ac2e1f to 0x0000000006ac4aa9
Event: 2715.506 Thread 0x000000005bcce000 Exception <a 'sun/nio/fs/WindowsException'> (0x00000000e27097b0) thrown at [D:\src\AOSP-openjdk-cygwin\jdk8u\hotspot\src\share\vm\prims\jni.cpp, line 709]
Event: 2715.526 Thread 0x000000005bcce000 Exception <a 'sun/nio/fs/WindowsException'> (0x00000000e2e1bd28) thrown at [D:\src\AOSP-openjdk-cygwin\jdk8u\hotspot\src\share\vm\prims\jni.cpp, line 709]
Event: 2717.069 Thread 0x000000005cecf800 Exception <a 'sun/nio/fs/WindowsException'> (0x00000000e426f958) thrown at [D:\src\AOSP-openjdk-cygwin\jdk8u\hotspot\src\share\vm\prims\jni.cpp, line 709]

Events (10 events):
Event: 3033.349 Thread 0x00000000575f4800 flushing nmethod 0x0000000003a20fd0
Event: 3033.349 Thread 0x00000000575f4800 flushing nmethod 0x0000000003a27a50
Event: 3033.349 Thread 0x00000000575f4800 flushing nmethod 0x0000000003b54710
Event: 3033.351 Thread 0x00000000575db800 flushing nmethod 0x0000000003e13d50
Event: 3033.351 Thread 0x00000000575db800 flushing nmethod 0x0000000003ece190
Event: 3033.351 Thread 0x00000000575db800 flushing nmethod 0x0000000003ee9cd0
Event: 3033.351 Thread 0x00000000575db800 flushing nmethod 0x0000000003f94550
Event: 3033.353 Thread 0x00000000575f4800 flushing nmethod 0x0000000003fff010
Event: 3033.353 Thread 0x00000000575f4800 flushing nmethod 0x00000000040569d0
Event: 3033.353 Thread 0x000000005ced2800 Thread added: 0x000000005ced2800


Dynamic libraries:
0x000000013f0e0000 - 0x000000013f111000 	C:\Program Files\Android\Android Studio\jre\bin\java.exe
0x0000000076f10000 - 0x00000000770ba000 	C:\Windows\SYSTEM32\ntdll.dll
0x0000000076df0000 - 0x0000000076f0f000 	C:\Windows\system32\kernel32.dll
0x000007fefcd70000 - 0x000007fefcdda000 	C:\Windows\system32\KERNELBASE.dll
0x000007fefd040000 - 0x000007fefd11b000 	C:\Windows\system32\ADVAPI32.dll
0x000007feff180000 - 0x000007feff21f000 	C:\Windows\system32\msvcrt.dll
0x000007fefd810000 - 0x000007fefd82f000 	C:\Windows\SYSTEM32\sechost.dll
0x000007fefec50000 - 0x000007fefed7d000 	C:\Windows\system32\RPCRT4.dll
0x0000000076cf0000 - 0x0000000076dea000 	C:\Windows\system32\USER32.dll
0x000007fefd430000 - 0x000007fefd497000 	C:\Windows\system32\GDI32.dll
0x000007fefdac0000 - 0x000007fefdace000 	C:\Windows\system32\LPK.dll
0x000007fefd840000 - 0x000007fefd90a000 	C:\Windows\system32\USP10.dll
0x000007fefb5f0000 - 0x000007fefb7e4000 	C:\Windows\WinSxS\amd64_microsoft.windows.common-controls_6595b64144ccf1df_6.0.7601.18837_none_fa3b1e3d17594757\COMCTL32.dll
0x000007fefcfc0000 - 0x000007fefd031000 	C:\Windows\system32\SHLWAPI.dll
0x000007fefed80000 - 0x000007fefedae000 	C:\Windows\system32\IMM32.DLL
0x000007fefd120000 - 0x000007fefd229000 	C:\Windows\system32\MSCTF.dll
0x000000005ee20000 - 0x000000005eef2000 	C:\Program Files\Android\Android Studio\jre\jre\bin\msvcr100.dll
0x000000005f540000 - 0x000000005fd81000 	C:\Program Files\Android\Android Studio\jre\jre\bin\server\jvm.dll
0x000007fef04d0000 - 0x000007fef04d9000 	C:\Windows\system32\WSOCK32.dll
0x000007fefd990000 - 0x000007fefd9dd000 	C:\Windows\system32\WS2_32.dll
0x000007fefd830000 - 0x000007fefd838000 	C:\Windows\system32\NSI.dll
0x000007fef91c0000 - 0x000007fef91fb000 	C:\Windows\system32\WINMM.dll
0x000007fefbce0000 - 0x000007fefbcec000 	C:\Windows\system32\VERSION.dll
0x00000000770d0000 - 0x00000000770d7000 	C:\Windows\system32\PSAPI.DLL
0x000007fef04c0000 - 0x000007fef04cf000 	C:\Program Files\Android\Android Studio\jre\jre\bin\verify.dll
0x000007fef0490000 - 0x000007fef04b9000 	C:\Program Files\Android\Android Studio\jre\jre\bin\java.dll
0x000007fef0470000 - 0x000007fef0486000 	C:\Program Files\Android\Android Studio\jre\jre\bin\zip.dll
0x000007fefdea0000 - 0x000007fefec2a000 	C:\Windows\system32\SHELL32.dll
0x000007fefd230000 - 0x000007fefd42c000 	C:\Windows\system32\ole32.dll
0x000007fefcc00000 - 0x000007fefcc0f000 	C:\Windows\system32\profapi.dll
0x000007fef03d0000 - 0x000007fef03ea000 	C:\Program Files\Android\Android Studio\jre\jre\bin\net.dll
0x000007fefc390000 - 0x000007fefc3e5000 	C:\Windows\system32\mswsock.dll
0x000007fefc380000 - 0x000007fefc387000 	C:\Windows\System32\wship6.dll
0x000007fef03b0000 - 0x000007fef03c1000 	C:\Program Files\Android\Android Studio\jre\jre\bin\nio.dll
0x000007fefa7a0000 - 0x000007fefa7be000 	C:\Users\Administrator\.gradle\native\25\windows-amd64\native-platform.dll
0x000007fef0460000 - 0x000007fef046d000 	C:\Program Files\Android\Android Studio\jre\jre\bin\management.dll
0x000007fefc3f0000 - 0x000007fefc408000 	C:\Windows\system32\CRYPTSP.dll
0x000007fefc0f0000 - 0x000007fefc137000 	C:\Windows\system32\rsaenh.dll
0x000007fefcf60000 - 0x000007fefcf7e000 	C:\Windows\system32\USERENV.dll
0x000007fefca60000 - 0x000007fefca6f000 	C:\Windows\system32\CRYPTBASE.dll
0x000007fefa600000 - 0x000007fefa627000 	C:\Windows\system32\IPHLPAPI.DLL
0x000007fefa5f0000 - 0x000007fefa5fb000 	C:\Windows\system32\WINNSI.DLL
0x000007fefa300000 - 0x000007fefa311000 	C:\Windows\system32\dhcpcsvc6.DLL
0x000007fefa2e0000 - 0x000007fefa2f8000 	C:\Windows\system32\dhcpcsvc.DLL
0x000007fee6bc0000 - 0x000007fee6ce5000 	C:\Windows\system32\dbghelp.dll

VM Arguments:
jvm_args: -Xmx1536m -Dfile.encoding=GBK -Duser.country=CN -Duser.language=zh -Duser.variant 
java_command: org.gradle.launcher.daemon.bootstrap.GradleDaemon 4.6
java_class_path (initial): C:\Users\Administrator\.gradle\wrapper\dists\gradle-4.6-all\bcst21l2brirad8k2ben1letg\gradle-4.6\lib\gradle-launcher-4.6.jar
Launcher Type: SUN_STANDARD

Environment Variables:
JAVA_HOME=C:\Program Files\Java\jdk1.8.0_191
CLASSPATH=.;C:\Program Files\Java\jdk1.8.0_191\lib\dt.jar;C:\Program Files\Java\jdk1.8.0_191\lib\tools.jar;
PATH=C:\Program Files (x86)\Common Files\Oracle\Java\javapath;C:\Windows\system32;C:\Windows;C:\Windows\System32\Wbem;C:\Program Files\Git\cmd;;C:\Program Files\Java\jdk1.8.0_191\bin;C:\Program Files\Java\jdk1.8.0_191\jre\bin;C:\Users\Administrator\AppData\Local\Android\Sdk\platform-tools;
USERNAME=Administrator
OS=Windows_NT
PROCESSOR_IDENTIFIER=Intel64 Family 6 Model 94 Stepping 3, GenuineIntel



---------------  S Y S T E M  ---------------

OS: Windows 7 , 64 bit Build 7601 (6.1.7601.23714)

CPU:total 4 (initial active 4) (4 cores per cpu, 1 threads per core) family 6 model 94 stepping 3, cmov, cx8, fxsr, mmx, sse, sse2, sse3, ssse3, sse4.1, sse4.2, popcnt, avx, avx2, aes, clmul, erms, rtm, 3dnowpref, lzcnt, tsc, tscinvbit, bmi1, bmi2, adx

Memory: 4k page, physical 8265900k(3696932k free), swap 16529940k(12003956k free)

vm_info: OpenJDK 64-Bit Server VM (25.152-b06) for windows-amd64 JRE (1.8.0_152-release-1136-b06), built by "builder" with MS VC++ 10.0 (VS2010)

time: Thu Jan 10 11:00:30 2019
elapsed time: 3033 seconds (0d 0h 50m 33s)

